\BOOKMARK [1][-]{section.1}{\376\377\000I\000n\000t\000r\000o\000d\000u\000z\000i\000o\000n\000e}{}% 1
\BOOKMARK [2][-]{subsection.1.1}{\376\377\000O\000b\000i\000e\000t\000t\000i\000v\000i\000\040\000d\000e\000l\000\040\000P\000r\000o\000g\000e\000t\000t\000o}{section.1}% 2
\BOOKMARK [1][-]{section.2}{\376\377\000A\000r\000c\000h\000i\000t\000e\000t\000t\000u\000r\000a\000\040\000d\000e\000l\000\040\000S\000i\000s\000t\000e\000m\000a}{}% 3
\BOOKMARK [2][-]{subsection.2.1}{\376\377\000G\000e\000r\000a\000r\000c\000h\000i\000a\000\040\000d\000e\000i\000\040\000T\000o\000p\000i\000c}{section.2}% 4
\BOOKMARK [2][-]{subsection.2.2}{\376\377\000R\000u\000o\000l\000i\000\040\000e\000\040\000P\000e\000r\000m\000e\000s\000s\000i}{section.2}% 5
\BOOKMARK [3][-]{subsubsection.2.2.1}{\376\377\000R\000E\000T\000T\000O\000R\000E}{subsection.2.2}% 6
\BOOKMARK [3][-]{subsubsection.2.2.2}{\376\377\000S\000E\000G\000R\000E\000T\000E\000R\000I\000A}{subsection.2.2}% 7
\BOOKMARK [3][-]{subsubsection.2.2.3}{\376\377\000D\000O\000C\000E\000N\000T\000E}{subsection.2.2}% 8
\BOOKMARK [3][-]{subsubsection.2.2.4}{\376\377\000S\000T\000U\000D\000E\000N\000T\000E}{subsection.2.2}% 9
\BOOKMARK [2][-]{subsection.2.3}{\376\377\000F\000l\000u\000s\000s\000o\000\040\000d\000e\000i\000\040\000M\000e\000s\000s\000a\000g\000g\000i}{section.2}% 10
\BOOKMARK [1][-]{section.3}{\376\377\000I\000n\000s\000t\000a\000l\000l\000a\000z\000i\000o\000n\000e\000\040\000e\000\040\000C\000o\000n\000f\000i\000g\000u\000r\000a\000z\000i\000o\000n\000e}{}% 11
\BOOKMARK [2][-]{subsection.3.1}{\376\377\000P\000r\000e\000r\000e\000q\000u\000i\000s\000i\000t\000i}{section.3}% 12
\BOOKMARK [2][-]{subsection.3.2}{\376\377\000I\000n\000s\000t\000a\000l\000l\000a\000z\000i\000o\000n\000e\000\040\000D\000i\000p\000e\000n\000d\000e\000n\000z\000e}{section.3}% 13
\BOOKMARK [2][-]{subsection.3.3}{\376\377\000S\000t\000r\000u\000t\000t\000u\000r\000a\000\040\000d\000e\000l\000\040\000P\000r\000o\000g\000e\000t\000t\000o}{section.3}% 14
\BOOKMARK [2][-]{subsection.3.4}{\376\377\000C\000o\000m\000p\000i\000l\000a\000z\000i\000o\000n\000e}{section.3}% 15
\BOOKMARK [1][-]{section.4}{\376\377\000G\000u\000i\000d\000a\000\040\000a\000l\000l\000'\000U\000t\000i\000l\000i\000z\000z\000o}{}% 16
\BOOKMARK [2][-]{subsection.4.1}{\376\377\000A\000v\000v\000i\000o\000\040\000d\000e\000l\000\040\000S\000i\000s\000t\000e\000m\000a}{section.4}% 17
\BOOKMARK [3][-]{subsubsection.4.1.1}{\376\377\0001\000.\000\040\000A\000v\000v\000i\000a\000r\000e\000\040\000i\000l\000\040\000B\000r\000o\000k\000e\000r\000\040\000M\000o\000s\000q\000u\000i\000t\000t\000o}{subsection.4.1}% 18
\BOOKMARK [3][-]{subsubsection.4.1.2}{\376\377\0002\000.\000\040\000A\000v\000v\000i\000a\000r\000e\000\040\000l\000'\000A\000p\000p\000l\000i\000c\000a\000z\000i\000o\000n\000e}{subsection.4.1}% 19
\BOOKMARK [2][-]{subsection.4.2}{\376\377\000I\000n\000t\000e\000r\000f\000a\000c\000c\000i\000a\000\040\000U\000t\000e\000n\000t\000e}{section.4}% 20
\BOOKMARK [3][-]{subsubsection.4.2.1}{\376\377\000S\000e\000l\000e\000z\000i\000o\000n\000e\000\040\000R\000u\000o\000l\000o}{subsection.4.2}% 21
\BOOKMARK [3][-]{subsubsection.4.2.2}{\376\377\000C\000o\000m\000a\000n\000d\000i\000\040\000D\000i\000s\000p\000o\000n\000i\000b\000i\000l\000i}{subsection.4.2}% 22
\BOOKMARK [2][-]{subsection.4.3}{\376\377\000S\000c\000e\000n\000a\000r\000i\000o\000\040\000d\000i\000\040\000T\000e\000s\000t}{section.4}% 23
\BOOKMARK [1][-]{section.5}{\376\377\000A\000n\000a\000l\000i\000s\000i\000\040\000d\000e\000l\000\040\000C\000o\000d\000i\000c\000e\000\040\000S\000o\000r\000g\000e\000n\000t\000e}{}% 24
\BOOKMARK [2][-]{subsection.5.1}{\376\377\000S\000t\000r\000u\000t\000t\000u\000r\000e\000\040\000D\000a\000t\000i\000\040\000P\000r\000i\000n\000c\000i\000p\000a\000l\000i}{section.5}% 25
\BOOKMARK [3][-]{subsubsection.5.1.1}{\376\377\000E\000n\000u\000m\000e\000r\000a\000z\000i\000o\000n\000e\000\040\000R\000u\000o\000l\000i}{subsection.5.1}% 26
\BOOKMARK [3][-]{subsubsection.5.1.2}{\376\377\000S\000t\000r\000u\000t\000t\000u\000r\000a\000\040\000C\000l\000i\000e\000n\000t\000\040\000C\000h\000a\000t}{subsection.5.1}% 27
\BOOKMARK [2][-]{subsection.5.2}{\376\377\000F\000u\000n\000z\000i\000o\000n\000i\000\040\000C\000a\000l\000l\000b\000a\000c\000k}{section.5}% 28
\BOOKMARK [3][-]{subsubsection.5.2.1}{\376\377\000C\000a\000l\000l\000b\000a\000c\000k\000\040\000d\000i\000\040\000C\000o\000n\000n\000e\000s\000s\000i\000o\000n\000e}{subsection.5.2}% 29
\BOOKMARK [3][-]{subsubsection.5.2.2}{\376\377\000C\000a\000l\000l\000b\000a\000c\000k\000\040\000d\000i\000\040\000M\000e\000s\000s\000a\000g\000g\000i\000o}{subsection.5.2}% 30
\BOOKMARK [2][-]{subsection.5.3}{\376\377\000I\000n\000i\000z\000i\000a\000l\000i\000z\000z\000a\000z\000i\000o\000n\000e\000\040\000C\000l\000i\000e\000n\000t}{section.5}% 31
\BOOKMARK [2][-]{subsection.5.4}{\376\377\000F\000u\000n\000z\000i\000o\000n\000e\000\040\000d\000i\000\040\000P\000u\000b\000b\000l\000i\000c\000a\000z\000i\000o\000n\000e}{section.5}% 32
\BOOKMARK [2][-]{subsection.5.5}{\376\377\000L\000o\000o\000p\000\040\000P\000r\000i\000n\000c\000i\000p\000a\000l\000e}{section.5}% 33
\BOOKMARK [1][-]{section.6}{\376\377\000A\000n\000a\000l\000i\000s\000i\000\040\000d\000e\000l\000\040\000M\000a\000k\000e\000f\000i\000l\000e}{}% 34
\BOOKMARK [2][-]{subsection.6.1}{\376\377\000V\000a\000r\000i\000a\000b\000i\000l\000i\000\040\000d\000i\000\040\000C\000o\000n\000f\000i\000g\000u\000r\000a\000z\000i\000o\000n\000e}{section.6}% 35
\BOOKMARK [2][-]{subsection.6.2}{\376\377\000T\000a\000r\000g\000e\000t\000\040\000P\000r\000i\000n\000c\000i\000p\000a\000l\000i}{section.6}% 36
\BOOKMARK [3][-]{subsubsection.6.2.1}{\376\377\000C\000o\000m\000p\000i\000l\000a\000z\000i\000o\000n\000e}{subsection.6.2}% 37
\BOOKMARK [3][-]{subsubsection.6.2.2}{\376\377\000G\000e\000s\000t\000i\000o\000n\000e\000\040\000D\000i\000p\000e\000n\000d\000e\000n\000z\000e}{subsection.6.2}% 38
\BOOKMARK [3][-]{subsubsection.6.2.3}{\376\377\000G\000e\000s\000t\000i\000o\000n\000e\000\040\000B\000r\000o\000k\000e\000r}{subsection.6.2}% 39
\BOOKMARK [1][-]{section.7}{\376\377\000T\000e\000s\000t\000i\000n\000g\000\040\000e\000\040\000D\000e\000b\000u\000g}{}% 40
\BOOKMARK [2][-]{subsection.7.1}{\376\377\000A\000n\000a\000l\000i\000s\000i\000\040\000c\000o\000n\000\040\000W\000i\000r\000e\000s\000h\000a\000r\000k}{section.7}% 41
\BOOKMARK [3][-]{subsubsection.7.1.1}{\376\377\000F\000i\000l\000t\000r\000i\000\040\000U\000t\000i\000l\000i}{subsection.7.1}% 42
\BOOKMARK [3][-]{subsubsection.7.1.2}{\376\377\000O\000s\000s\000e\000r\000v\000a\000z\000i\000o\000n\000i\000\040\000s\000u\000l\000\040\000T\000r\000a\000f\000f\000i\000c\000o}{subsection.7.1}% 43
\BOOKMARK [2][-]{subsection.7.2}{\376\377\000D\000e\000b\000u\000g\000\040\000e\000\040\000L\000o\000g\000g\000i\000n\000g}{section.7}% 44
\BOOKMARK [3][-]{subsubsection.7.2.1}{\376\377\000C\000o\000m\000p\000i\000l\000a\000z\000i\000o\000n\000e\000\040\000D\000e\000b\000u\000g}{subsection.7.2}% 45
\BOOKMARK [3][-]{subsubsection.7.2.2}{\376\377\000D\000e\000b\000u\000g\000g\000i\000n\000g\000\040\000c\000o\000n\000\040\000G\000D\000B}{subsection.7.2}% 46
\BOOKMARK [2][-]{subsection.7.3}{\376\377\000T\000e\000s\000t\000\040\000d\000i\000\040\000F\000u\000n\000z\000i\000o\000n\000a\000l\000i\000t\000\340}{section.7}% 47
\BOOKMARK [3][-]{subsubsection.7.3.1}{\376\377\000T\000e\000s\000t\000\040\000d\000i\000\040\000C\000o\000n\000n\000e\000s\000s\000i\000o\000n\000e}{subsection.7.3}% 48
\BOOKMARK [3][-]{subsubsection.7.3.2}{\376\377\000T\000e\000s\000t\000\040\000d\000i\000\040\000C\000o\000m\000u\000n\000i\000c\000a\000z\000i\000o\000n\000e}{subsection.7.3}% 49
\BOOKMARK [1][-]{section.8}{\376\377\000C\000o\000n\000s\000i\000d\000e\000r\000a\000z\000i\000o\000n\000i\000\040\000s\000u\000l\000l\000a\000\040\000S\000i\000c\000u\000r\000e\000z\000z\000a}{}% 50
\BOOKMARK [2][-]{subsection.8.1}{\376\377\000I\000m\000p\000l\000e\000m\000e\000n\000t\000a\000z\000i\000o\000n\000i\000\040\000d\000i\000\040\000S\000i\000c\000u\000r\000e\000z\000z\000a\000\040\000A\000t\000t\000u\000a\000l\000i}{section.8}% 51
\BOOKMARK [2][-]{subsection.8.2}{\376\377\000V\000u\000l\000n\000e\000r\000a\000b\000i\000l\000i\000t\000\340\000\040\000I\000d\000e\000n\000t\000i\000f\000i\000c\000a\000t\000e}{section.8}% 52
\BOOKMARK [2][-]{subsection.8.3}{\376\377\000M\000i\000g\000l\000i\000o\000r\000a\000m\000e\000n\000t\000i\000\040\000S\000u\000g\000g\000e\000r\000i\000t\000i}{section.8}% 53
\BOOKMARK [1][-]{section.9}{\376\377\000R\000i\000s\000o\000l\000u\000z\000i\000o\000n\000e\000\040\000P\000r\000o\000b\000l\000e\000m\000i}{}% 54
\BOOKMARK [2][-]{subsection.9.1}{\376\377\000P\000r\000o\000b\000l\000e\000m\000i\000\040\000C\000o\000m\000u\000n\000i}{section.9}% 55
\BOOKMARK [3][-]{subsubsection.9.1.1}{\376\377\000E\000r\000r\000o\000r\000e\000:\000\040\000"\000B\000r\000o\000k\000e\000r\000\040\000n\000o\000n\000\040\000r\000a\000g\000g\000i\000u\000n\000g\000i\000b\000i\000l\000e\000"}{subsection.9.1}% 56
\BOOKMARK [3][-]{subsubsection.9.1.2}{\376\377\000E\000r\000r\000o\000r\000e\000\040\000d\000i\000\040\000C\000o\000m\000p\000i\000l\000a\000z\000i\000o\000n\000e\000:\000\040\000"\000m\000o\000s\000q\000u\000i\000t\000t\000o\000.\000h\000\040\000n\000o\000t\000\040\000f\000o\000u\000n\000d\000"}{subsection.9.1}% 57
\BOOKMARK [3][-]{subsubsection.9.1.3}{\376\377\000M\000e\000s\000s\000a\000g\000g\000i\000\040\000N\000o\000n\000\040\000R\000i\000c\000e\000v\000u\000t\000i}{subsection.9.1}% 58
\BOOKMARK [2][-]{subsection.9.2}{\376\377\000D\000i\000a\000g\000n\000o\000s\000t\000i\000c\000a\000\040\000A\000v\000a\000n\000z\000a\000t\000a}{section.9}% 59
\BOOKMARK [3][-]{subsubsection.9.2.1}{\376\377\000L\000o\000g\000\040\000d\000e\000l\000\040\000B\000r\000o\000k\000e\000r}{subsection.9.2}% 60
\BOOKMARK [3][-]{subsubsection.9.2.2}{\376\377\000M\000o\000n\000i\000t\000o\000r\000\040\000T\000r\000a\000f\000f\000i\000c\000o\000\040\000d\000i\000\040\000R\000e\000t\000e}{subsection.9.2}% 61
\BOOKMARK [1][-]{section.10}{\376\377\000P\000o\000s\000s\000i\000b\000i\000l\000i\000\040\000E\000s\000t\000e\000n\000s\000i\000o\000n\000i}{}% 62
\BOOKMARK [2][-]{subsection.10.1}{\376\377\000F\000u\000n\000z\000i\000o\000n\000a\000l\000i\000t\000\340\000\040\000A\000v\000a\000n\000z\000a\000t\000e}{section.10}% 63
\BOOKMARK [2][-]{subsection.10.2}{\376\377\000I\000n\000t\000e\000g\000r\000a\000z\000i\000o\000n\000e\000\040\000E\000n\000t\000e\000r\000p\000r\000i\000s\000e}{section.10}% 64
\BOOKMARK [1][-]{section.11}{\376\377\000C\000o\000n\000c\000l\000u\000s\000i\000o\000n\000i}{}% 65
\BOOKMARK [2][-]{subsection.11.1}{\376\377\000O\000b\000i\000e\000t\000t\000i\000v\000i\000\040\000R\000a\000g\000g\000i\000u\000n\000t\000i}{section.11}% 66
\BOOKMARK [2][-]{subsection.11.2}{\376\377\000L\000e\000z\000i\000o\000n\000i\000\040\000A\000p\000p\000r\000e\000s\000e}{section.11}% 67
\BOOKMARK [2][-]{subsection.11.3}{\376\377\000L\000i\000m\000i\000t\000a\000z\000i\000o\000n\000i\000\040\000I\000d\000e\000n\000t\000i\000f\000i\000c\000a\000t\000e}{section.11}% 68
\BOOKMARK [2][-]{subsection.11.4}{\376\377\000A\000p\000p\000l\000i\000c\000a\000b\000i\000l\000i\000t\000\340\000\040\000R\000e\000a\000l\000e}{section.11}% 69
\BOOKMARK [1][-]{section.12}{\376\377\000A\000p\000p\000e\000n\000d\000i\000c\000i}{}% 70
\BOOKMARK [2][-]{subsection.12.1}{\376\377\000A\000p\000p\000e\000n\000d\000i\000c\000e\000\040\000A\000:\000\040\000C\000o\000d\000i\000c\000e\000\040\000C\000o\000m\000p\000l\000e\000t\000o}{section.12}% 71
\BOOKMARK [2][-]{subsection.12.2}{\376\377\000A\000p\000p\000e\000n\000d\000i\000c\000e\000\040\000B\000:\000\040\000C\000o\000n\000f\000i\000g\000u\000r\000a\000z\000i\000o\000n\000i\000\040\000A\000v\000a\000n\000z\000a\000t\000e}{section.12}% 72
\BOOKMARK [3][-]{subsubsection.12.2.1}{\376\377\000C\000o\000n\000f\000i\000g\000u\000r\000a\000z\000i\000o\000n\000e\000\040\000B\000r\000o\000k\000e\000r\000\040\000M\000o\000s\000q\000u\000i\000t\000t\000o}{subsection.12.2}% 73
\BOOKMARK [3][-]{subsubsection.12.2.2}{\376\377\000S\000e\000t\000u\000p\000\040\000A\000C\000L\000\040\000d\000i\000\040\000P\000r\000o\000d\000u\000z\000i\000o\000n\000e}{subsection.12.2}% 74
\BOOKMARK [2][-]{subsection.12.3}{\376\377\000A\000p\000p\000e\000n\000d\000i\000c\000e\000\040\000C\000:\000\040\000S\000c\000r\000i\000p\000t\000\040\000d\000i\000\040\000D\000e\000p\000l\000o\000y\000m\000e\000n\000t}{section.12}% 75
\BOOKMARK [2][-]{subsection.12.4}{\376\377\000A\000p\000p\000e\000n\000d\000i\000c\000e\000\040\000D\000:\000\040\000M\000e\000t\000r\000i\000c\000h\000e\000\040\000e\000\040\000M\000o\000n\000i\000t\000o\000r\000i\000n\000g}{section.12}% 76
\BOOKMARK [3][-]{subsubsection.12.4.1}{\376\377\000S\000c\000r\000i\000p\000t\000\040\000d\000i\000\040\000M\000o\000n\000i\000t\000o\000r\000a\000g\000g\000i\000o}{subsection.12.4}% 77
\BOOKMARK [1][-]{section.13}{\376\377\000B\000i\000b\000l\000i\000o\000g\000r\000a\000f\000i\000a\000\040\000e\000\040\000R\000i\000f\000e\000r\000i\000m\000e\000n\000t\000i}{}% 78
\BOOKMARK [2][-]{subsection.13.1}{\376\377\000D\000o\000c\000u\000m\000e\000n\000t\000a\000z\000i\000o\000n\000e\000\040\000T\000e\000c\000n\000i\000c\000a}{section.13}% 79
\BOOKMARK [2][-]{subsection.13.2}{\376\377\000R\000i\000s\000o\000r\000s\000e\000\040\000A\000g\000g\000i\000u\000n\000t\000i\000v\000e}{section.13}% 80
\BOOKMARK [2][-]{subsection.13.3}{\376\377\000S\000t\000a\000n\000d\000a\000r\000d\000\040\000e\000\040\000R\000F\000C}{section.13}% 81
